

Started GET "/" for 127.0.0.1 at 2013-03-27 17:05:51 -0400
Connecting to database specified by database.yml
Processing by HomeController#index as HTML
  Rendered home/index.html.haml within layouts/application (32.1ms)
Compiled application.css  (0ms)  (pid 15913)
Compiled jquery.js  (2ms)  (pid 15913)
Compiled jquery_ujs.js  (0ms)  (pid 15913)
Compiled application.js  (114ms)  (pid 15913)
Completed 200 OK in 282ms (Views: 281.2ms | ActiveRecord: 0.0ms)


Started GET "/" for 127.0.0.1 at 2013-03-27 17:08:38 -0400
Processing by HomeController#index as HTML
  Rendered home/index.html.haml within layouts/application (1.6ms)
Completed 200 OK in 5ms (Views: 5.3ms | ActiveRecord: 0.0ms)


Started GET "/" for 127.0.0.1 at 2013-03-27 17:09:00 -0400
Processing by HomeController#index as HTML
  Rendered home/index.html.haml within layouts/application (2.5ms)
Completed 200 OK in 8ms (Views: 7.7ms | ActiveRecord: 0.0ms)


Started GET "/" for 127.0.0.1 at 2013-03-27 17:09:14 -0400
Processing by HomeController#index as HTML
  Rendered home/index.html.haml within layouts/application (1.8ms)
Completed 200 OK in 6ms (Views: 5.4ms | ActiveRecord: 0.0ms)


Started GET "/" for 127.0.0.1 at 2013-03-27 17:11:11 -0400
Processing by HomeController#index as HTML
  Rendered home/index.html.haml within layouts/application (0.2ms)
Compiled towers.css  (22ms)  (pid 15913)
Compiled application.css  (53ms)  (pid 15913)
Compiled underscore-min.js  (0ms)  (pid 15913)
Compiled moment.js  (0ms)  (pid 15913)
Compiled towers.js  (0ms)  (pid 15913)
Compiled application.js  (113ms)  (pid 15913)
Completed 200 OK in 254ms (Views: 254.2ms | ActiveRecord: 0.0ms)


Started GET "/" for 127.0.0.1 at 2013-03-27 17:11:30 -0400
Processing by HomeController#index as HTML
  Rendered home/index.html.haml within layouts/application (0.3ms)
Compiled application.css  (1ms)  (pid 15913)
Completed 200 OK in 16ms (Views: 15.9ms | ActiveRecord: 0.0ms)


Started GET "/" for 127.0.0.1 at 2013-03-27 17:13:08 -0400
Processing by HomeController#index as HTML
  Rendered home/index.html.haml within layouts/application (2.4ms)
Compiled towers.css  (3ms)  (pid 15913)
Compiled application.css  (1ms)  (pid 15913)
Completed 200 OK in 26ms (Views: 25.6ms | ActiveRecord: 0.0ms)


Started GET "/" for 127.0.0.1 at 2013-03-27 17:13:16 -0400
Processing by HomeController#index as HTML
  Rendered home/index.html.haml within layouts/application (0.2ms)
Compiled towers.css  (4ms)  (pid 15913)
Compiled application.css  (1ms)  (pid 15913)
Completed 200 OK in 28ms (Views: 27.4ms | ActiveRecord: 0.0ms)


Started GET "/" for 127.0.0.1 at 2013-03-27 17:13:36 -0400
Processing by HomeController#index as HTML
  Rendered home/index.html.haml within layouts/application (0.3ms)
Compiled towers.css  (3ms)  (pid 15913)
Compiled application.css  (1ms)  (pid 15913)
Completed 200 OK in 25ms (Views: 24.4ms | ActiveRecord: 0.0ms)


Started GET "/" for 127.0.0.1 at 2013-03-27 17:13:52 -0400
Processing by HomeController#index as HTML
  Rendered home/index.html.haml within layouts/application (0.3ms)
Compiled towers.css  (4ms)  (pid 15913)
Compiled application.css  (1ms)  (pid 15913)
Completed 200 OK in 27ms (Views: 26.5ms | ActiveRecord: 0.0ms)


Started GET "/" for 127.0.0.1 at 2013-03-27 17:20:43 -0400
Processing by HomeController#index as HTML
  Rendered home/index.html.haml within layouts/application (2.3ms)
Compiled towers.js  (0ms)  (pid 15913)
Compiled application.js  (4ms)  (pid 15913)
Completed 200 OK in 70ms (Views: 69.3ms | ActiveRecord: 0.0ms)


Started GET "/" for 127.0.0.1 at 2013-03-27 17:22:30 -0400
Processing by HomeController#index as HTML
  Rendered home/index.html.haml within layouts/application (0.2ms)
Compiled towers.js  (0ms)  (pid 15913)
Compiled application.js  (4ms)  (pid 15913)
Completed 200 OK in 63ms (Views: 63.2ms | ActiveRecord: 0.0ms)


Started GET "/" for 127.0.0.1 at 2013-03-27 17:25:29 -0400
Processing by HomeController#index as HTML
  Rendered home/index.html.haml within layouts/application (0.3ms)
Compiled towers.js  (0ms)  (pid 15913)
Compiled application.js  (4ms)  (pid 15913)
Completed 200 OK in 58ms (Views: 57.7ms | ActiveRecord: 0.0ms)


Started GET "/" for 127.0.0.1 at 2013-03-27 17:25:47 -0400
Processing by HomeController#index as HTML
  Rendered home/index.html.haml within layouts/application (0.3ms)
Completed 200 OK in 5ms (Views: 5.1ms | ActiveRecord: 0.0ms)


Started GET "/" for 127.0.0.1 at 2013-03-27 17:27:24 -0400
Processing by HomeController#index as HTML
  Rendered home/index.html.haml within layouts/application (0.3ms)
Compiled towers.css  (4ms)  (pid 15913)
Compiled application.css  (1ms)  (pid 15913)
Completed 200 OK in 26ms (Views: 25.6ms | ActiveRecord: 0.0ms)


Started GET "/" for 127.0.0.1 at 2013-03-27 17:27:50 -0400
Processing by HomeController#index as HTML
  Rendered home/index.html.haml within layouts/application (0.4ms)
Compiled towers.js  (0ms)  (pid 15913)
Compiled application.js  (4ms)  (pid 15913)
Completed 200 OK in 62ms (Views: 62.2ms | ActiveRecord: 0.0ms)


Started GET "/" for 127.0.0.1 at 2013-03-27 17:28:13 -0400
Processing by HomeController#index as HTML
  Rendered home/index.html.haml within layouts/application (0.4ms)
Compiled towers.js  (0ms)  (pid 15913)
Compiled application.js  (4ms)  (pid 15913)
Completed 200 OK in 59ms (Views: 58.9ms | ActiveRecord: 0.0ms)


Started GET "/" for 127.0.0.1 at 2013-03-27 17:28:35 -0400
Processing by HomeController#index as HTML
  Rendered home/index.html.haml within layouts/application (0.3ms)
Compiled towers.css  (5ms)  (pid 15913)
Compiled application.css  (1ms)  (pid 15913)
Completed 200 OK in 27ms (Views: 26.3ms | ActiveRecord: 0.0ms)


Started GET "/" for 127.0.0.1 at 2013-03-27 17:28:56 -0400
Processing by HomeController#index as HTML
  Rendered home/index.html.haml within layouts/application (0.5ms)
Completed 200 OK in 7ms (Views: 6.3ms | ActiveRecord: 0.0ms)


Started GET "/" for 127.0.0.1 at 2013-03-27 17:30:19 -0400
Processing by HomeController#index as HTML
  Rendered home/index.html.haml within layouts/application (0.5ms)
Compiled towers.js  (0ms)  (pid 15913)
Compiled application.js  (7ms)  (pid 15913)
Completed 200 OK in 68ms (Views: 67.9ms | ActiveRecord: 0.0ms)


Started GET "/" for 127.0.0.1 at 2013-03-27 17:30:37 -0400
Processing by HomeController#index as HTML
  Rendered home/index.html.haml within layouts/application (0.3ms)
Completed 200 OK in 6ms (Views: 5.5ms | ActiveRecord: 0.0ms)


Started GET "/" for 127.0.0.1 at 2013-03-27 17:31:18 -0400
Processing by HomeController#index as HTML
  Rendered home/index.html.haml within layouts/application (0.5ms)
Completed 200 OK in 9ms (Views: 8.8ms | ActiveRecord: 0.0ms)


Started GET "/" for 127.0.0.1 at 2013-03-27 17:31:24 -0400
Processing by HomeController#index as HTML
  Rendered home/index.html.haml within layouts/application (0.3ms)
Completed 200 OK in 6ms (Views: 6.0ms | ActiveRecord: 0.0ms)


Started GET "/" for 127.0.0.1 at 2013-03-27 17:31:51 -0400
Processing by HomeController#index as HTML
  Rendered home/index.html.haml within layouts/application (0.3ms)
Completed 200 OK in 7ms (Views: 6.3ms | ActiveRecord: 0.0ms)


Started GET "/" for 127.0.0.1 at 2013-03-27 17:32:02 -0400
Processing by HomeController#index as HTML
  Rendered home/index.html.haml within layouts/application (0.3ms)
Completed 200 OK in 6ms (Views: 5.8ms | ActiveRecord: 0.0ms)


Started GET "/" for 127.0.0.1 at 2013-03-27 17:32:27 -0400
Processing by HomeController#index as HTML
  Rendered home/index.html.haml within layouts/application (0.3ms)
Compiled towers.js  (0ms)  (pid 15913)
Compiled application.js  (6ms)  (pid 15913)
Completed 200 OK in 34ms (Views: 34.0ms | ActiveRecord: 0.0ms)


Started GET "/" for 127.0.0.1 at 2013-03-27 17:32:33 -0400
Processing by HomeController#index as HTML
  Rendered home/index.html.haml within layouts/application (0.4ms)
Completed 200 OK in 5ms (Views: 5.3ms | ActiveRecord: 0.0ms)


Started GET "/" for 127.0.0.1 at 2013-03-27 17:33:09 -0400
Processing by HomeController#index as HTML
  Rendered home/index.html.haml within layouts/application (0.4ms)
Compiled towers.js  (0ms)  (pid 15913)
Compiled application.js  (5ms)  (pid 15913)
Completed 200 OK in 29ms (Views: 28.6ms | ActiveRecord: 0.0ms)


Started GET "/" for 127.0.0.1 at 2013-03-27 17:38:43 -0400
Processing by HomeController#index as HTML
  Rendered home/index.html.haml within layouts/application (2.0ms)
Compiled towers.js  (0ms)  (pid 15913)
Compiled application.js  (5ms)  (pid 15913)
Completed 200 OK in 31ms (Views: 31.3ms | ActiveRecord: 0.0ms)


Started GET "/" for 127.0.0.1 at 2013-03-27 17:42:20 -0400
Processing by HomeController#index as HTML
  Rendered home/index.html.haml within layouts/application (0.3ms)
Compiled towers.js  (0ms)  (pid 15913)
Compiled application.js  (4ms)  (pid 15913)
Completed 200 OK in 24ms (Views: 24.2ms | ActiveRecord: 0.0ms)


Started GET "/" for 127.0.0.1 at 2013-03-27 17:42:47 -0400
Processing by HomeController#index as HTML
  Rendered home/index.html.haml within layouts/application (0.5ms)
Compiled towers.js  (0ms)  (pid 15913)
Compiled application.js  (5ms)  (pid 15913)
Completed 200 OK in 35ms (Views: 35.2ms | ActiveRecord: 0.0ms)


Started GET "/" for 127.0.0.1 at 2013-03-27 17:42:58 -0400
Processing by HomeController#index as HTML
  Rendered home/index.html.haml within layouts/application (0.4ms)
Completed 200 OK in 8ms (Views: 7.5ms | ActiveRecord: 0.0ms)


Started GET "/" for 127.0.0.1 at 2013-03-27 17:42:58 -0400
Processing by HomeController#index as HTML
  Rendered home/index.html.haml within layouts/application (0.4ms)
Completed 200 OK in 8ms (Views: 8.2ms | ActiveRecord: 0.0ms)


Started GET "/" for 127.0.0.1 at 2013-03-27 17:42:59 -0400
Processing by HomeController#index as HTML
  Rendered home/index.html.haml within layouts/application (0.4ms)
Completed 200 OK in 9ms (Views: 8.3ms | ActiveRecord: 0.0ms)


Started GET "/" for 127.0.0.1 at 2013-03-27 17:42:59 -0400
Processing by HomeController#index as HTML
  Rendered home/index.html.haml within layouts/application (0.3ms)
Completed 200 OK in 6ms (Views: 6.1ms | ActiveRecord: 0.0ms)


Started GET "/" for 127.0.0.1 at 2013-03-27 17:43:12 -0400
Processing by HomeController#index as HTML
  Rendered home/index.html.haml within layouts/application (0.3ms)
Completed 200 OK in 6ms (Views: 5.3ms | ActiveRecord: 0.0ms)


Started GET "/" for 127.0.0.1 at 2013-03-27 17:43:37 -0400
Processing by HomeController#index as HTML
  Rendered home/index.html.haml within layouts/application (0.4ms)
Completed 200 OK in 7ms (Views: 6.9ms | ActiveRecord: 0.0ms)


Started GET "/" for 127.0.0.1 at 2013-03-27 17:44:15 -0400
Connecting to database specified by database.yml
Processing by HomeController#index as HTML
  Rendered home/index.html.haml within layouts/application (4.6ms)
Completed 200 OK in 62ms (Views: 61.9ms | ActiveRecord: 0.0ms)


Started GET "/" for 127.0.0.1 at 2013-03-27 17:44:22 -0400
Processing by HomeController#index as HTML
  Rendered home/index.html.haml within layouts/application (0.6ms)
Compiled towers.js  (0ms)  (pid 16737)
Compiled application.js  (10ms)  (pid 16737)
Completed 200 OK in 107ms (Views: 106.5ms | ActiveRecord: 0.0ms)


Started GET "/" for 127.0.0.1 at 2013-03-27 17:44:40 -0400
Processing by HomeController#index as HTML
  Rendered home/index.html.haml within layouts/application (0.4ms)
Completed 200 OK in 8ms (Views: 7.6ms | ActiveRecord: 0.0ms)


Started GET "/" for 127.0.0.1 at 2013-03-27 17:44:58 -0400
Processing by HomeController#index as HTML
  Rendered home/index.html.haml within layouts/application (0.3ms)
Completed 200 OK in 7ms (Views: 6.9ms | ActiveRecord: 0.0ms)


Started GET "/" for 127.0.0.1 at 2013-03-27 17:45:27 -0400
Processing by HomeController#index as HTML
  Rendered home/index.html.haml within layouts/application (0.3ms)
Compiled towers.js  (0ms)  (pid 16737)
Compiled application.js  (4ms)  (pid 16737)
Completed 200 OK in 55ms (Views: 55.3ms | ActiveRecord: 0.0ms)


Started GET "/" for 127.0.0.1 at 2013-03-27 17:46:53 -0400
Processing by HomeController#index as HTML
  Rendered home/index.html.haml within layouts/application (0.3ms)
Completed 200 OK in 5ms (Views: 4.7ms | ActiveRecord: 0.0ms)


Started GET "/" for 127.0.0.1 at 2013-03-27 17:48:20 -0400
Processing by HomeController#index as HTML
  Rendered home/index.html.haml within layouts/application (0.3ms)
Compiled towers.js  (0ms)  (pid 16737)
Compiled application.js  (4ms)  (pid 16737)
Completed 200 OK in 27ms (Views: 26.8ms | ActiveRecord: 0.0ms)


Started GET "/" for 127.0.0.1 at 2013-03-27 17:49:00 -0400
Processing by HomeController#index as HTML
  Rendered home/index.html.haml within layouts/application (0.3ms)
Compiled towers.css  (12ms)  (pid 16737)
Compiled application.css  (1ms)  (pid 16737)
Compiled towers.js  (0ms)  (pid 16737)
Compiled application.js  (4ms)  (pid 16737)
Completed 200 OK in 55ms (Views: 54.8ms | ActiveRecord: 0.0ms)


Started GET "/" for 127.0.0.1 at 2013-03-27 17:49:19 -0400
Processing by HomeController#index as HTML
  Rendered home/index.html.haml within layouts/application (0.3ms)
Compiled towers.css  (5ms)  (pid 16737)
Compiled application.css  (1ms)  (pid 16737)
Completed 200 OK in 28ms (Views: 27.8ms | ActiveRecord: 0.0ms)


Started GET "/" for 127.0.0.1 at 2013-03-27 17:49:29 -0400
Processing by HomeController#index as HTML
  Rendered home/index.html.haml within layouts/application (0.4ms)
Compiled towers.css  (4ms)  (pid 16737)
Compiled application.css  (1ms)  (pid 16737)
Completed 200 OK in 27ms (Views: 26.8ms | ActiveRecord: 0.0ms)


Started GET "/" for 127.0.0.1 at 2013-03-27 17:49:37 -0400
Processing by HomeController#index as HTML
  Rendered home/index.html.haml within layouts/application (0.3ms)
Compiled towers.css  (5ms)  (pid 16737)
Compiled application.css  (2ms)  (pid 16737)
Completed 200 OK in 37ms (Views: 36.9ms | ActiveRecord: 0.0ms)


Started GET "/" for 127.0.0.1 at 2013-03-27 17:53:38 -0400
Processing by HomeController#index as HTML
  Rendered home/index.html.haml within layouts/application (0.4ms)
Compiled towers.js  (0ms)  (pid 16737)
Compiled application.js  (4ms)  (pid 16737)
Completed 200 OK in 69ms (Views: 69.1ms | ActiveRecord: 0.0ms)


Started GET "/" for 127.0.0.1 at 2013-03-27 17:54:06 -0400
Processing by HomeController#index as HTML
  Rendered home/index.html.haml within layouts/application (0.5ms)
Completed 200 OK in 6ms (Views: 6.2ms | ActiveRecord: 0.0ms)


Started GET "/" for 127.0.0.1 at 2013-03-27 17:55:46 -0400
Processing by HomeController#index as HTML
  Rendered home/index.html.haml within layouts/application (0.3ms)
Compiled towers.css  (5ms)  (pid 16737)
Compiled application.css  (1ms)  (pid 16737)
Compiled towers.js  (0ms)  (pid 16737)
Compiled application.js  (4ms)  (pid 16737)
Completed 200 OK in 87ms (Views: 86.5ms | ActiveRecord: 0.0ms)


Started GET "/" for 127.0.0.1 at 2013-03-27 17:56:08 -0400
Processing by HomeController#index as HTML
  Rendered home/index.html.haml within layouts/application (0.3ms)
Compiled towers.js  (0ms)  (pid 16737)
Compiled application.js  (4ms)  (pid 16737)
Completed 200 OK in 63ms (Views: 62.6ms | ActiveRecord: 0.0ms)


Started GET "/" for 127.0.0.1 at 2013-03-27 17:56:16 -0400
Processing by HomeController#index as HTML
  Rendered home/index.html.haml within layouts/application (0.3ms)
Completed 200 OK in 6ms (Views: 5.7ms | ActiveRecord: 0.0ms)


Started GET "/" for 127.0.0.1 at 2013-03-27 17:56:29 -0400
Processing by HomeController#index as HTML
  Rendered home/index.html.haml within layouts/application (0.3ms)
Compiled towers.js  (0ms)  (pid 16737)
Compiled application.js  (4ms)  (pid 16737)
Completed 200 OK in 60ms (Views: 60.0ms | ActiveRecord: 0.0ms)


Started GET "/" for 127.0.0.1 at 2013-03-27 17:57:06 -0400
Processing by HomeController#index as HTML
  Rendered home/index.html.haml within layouts/application (0.3ms)
Compiled towers.js  (0ms)  (pid 16737)
Compiled application.js  (4ms)  (pid 16737)
Completed 200 OK in 57ms (Views: 56.5ms | ActiveRecord: 0.0ms)


Started GET "/" for 127.0.0.1 at 2013-03-27 17:57:13 -0400
Processing by HomeController#index as HTML
  Rendered home/index.html.haml within layouts/application (0.3ms)
Compiled towers.js  (0ms)  (pid 16737)
Compiled application.js  (5ms)  (pid 16737)
Completed 200 OK in 60ms (Views: 60.1ms | ActiveRecord: 0.0ms)


Started GET "/" for 127.0.0.1 at 2013-03-27 17:58:44 -0400
Processing by HomeController#index as HTML
  Rendered home/index.html.haml within layouts/application (1.1ms)
Compiled towers.js  (0ms)  (pid 16737)
Compiled application.js  (16ms)  (pid 16737)
Completed 200 OK in 178ms (Views: 176.8ms | ActiveRecord: 0.0ms)


Started GET "/" for 127.0.0.1 at 2013-03-27 17:58:47 -0400
Processing by HomeController#index as HTML
  Rendered home/index.html.haml within layouts/application (0.8ms)
Completed 200 OK in 18ms (Views: 16.9ms | ActiveRecord: 0.0ms)


Started GET "/" for 127.0.0.1 at 2013-03-27 17:59:01 -0400
Processing by HomeController#index as HTML
  Rendered home/index.html.haml within layouts/application (1.2ms)
Completed 200 OK in 19ms (Views: 19.0ms | ActiveRecord: 0.0ms)


Started GET "/" for 127.0.0.1 at 2013-03-27 17:59:14 -0400
Processing by HomeController#index as HTML
  Rendered home/index.html.haml within layouts/application (1.0ms)
Completed 200 OK in 18ms (Views: 17.3ms | ActiveRecord: 0.0ms)


Started GET "/" for 127.0.0.1 at 2013-03-27 18:00:34 -0400
Processing by HomeController#index as HTML
  Rendered home/index.html.haml within layouts/application (0.7ms)
Compiled towers.js  (0ms)  (pid 16737)
Compiled application.js  (15ms)  (pid 16737)
Completed 200 OK in 75ms (Views: 74.3ms | ActiveRecord: 0.0ms)


Started GET "/" for 127.0.0.1 at 2013-03-27 18:00:46 -0400
Processing by HomeController#index as HTML
  Rendered home/index.html.haml within layouts/application (0.7ms)
Completed 200 OK in 15ms (Views: 14.3ms | ActiveRecord: 0.0ms)


Started GET "/" for 127.0.0.1 at 2013-03-27 18:00:54 -0400
Processing by HomeController#index as HTML
  Rendered home/index.html.haml within layouts/application (0.7ms)
Compiled towers.js  (0ms)  (pid 16737)
Compiled application.js  (16ms)  (pid 16737)
Completed 200 OK in 158ms (Views: 157.7ms | ActiveRecord: 0.0ms)


Started GET "/" for 127.0.0.1 at 2013-03-27 18:01:57 -0400
Processing by HomeController#index as HTML
  Rendered home/index.html.haml within layouts/application (1.0ms)
Compiled towers.js  (0ms)  (pid 16737)
Compiled application.js  (14ms)  (pid 16737)
Completed 200 OK in 77ms (Views: 77.0ms | ActiveRecord: 0.0ms)


Started GET "/" for 127.0.0.1 at 2013-03-27 18:05:37 -0400
Processing by HomeController#index as HTML
ERROR: compiling _app_views_home_index_html_haml__1278522308232253678_70098337075780 RAISED /Users/janesternbach/Documents/WDI/rails/towers_of_hanoi/app/views/home/index.html.haml:10: syntax error, unexpected ':', expecting ')'
...link_to("add donut here", "#" :id => "add1")
...                               ^
/Users/janesternbach/Documents/WDI/rails/towers_of_hanoi/app/views/home/index.html.haml:11: syntax error, unexpected ')', expecting '}'
));}\n  <div class='peg' id='pe...
  ^
/Users/janesternbach/Documents/WDI/rails/towers_of_hanoi/app/views/home/index.html.haml:11: syntax error, unexpected keyword_class, expecting keyword_do or '{' or '('
));}\n  <div class='peg' id='peg1'></div>\n  <d...
                  ^
/Users/janesternbach/Documents/WDI/rails/towers_of_hanoi/app/views/home/index.html.haml:11: syntax error, unexpected tIDENTIFIER, expecting '}'
));}\n  <div class='peg' id='peg1'></div>\n  <div class=...
                           ^
/Users/janesternbach/Documents/WDI/rails/towers_of_hanoi/app/views/home/index.html.haml:11: syntax error, unexpected '<'
...n  <div class='peg' id='peg1'></div>\n  <div class='peg' id=...
...                               ^
/Users/janesternbach/Documents/WDI/rails/towers_of_hanoi/app/views/home/index.html.haml:11: unknown regexp options - dv
/Users/janesternbach/Documents/WDI/rails/towers_of_hanoi/app/views/home/index.html.haml:11: syntax error, unexpected $undefined
...v class='peg' id='peg2'></div>\n  <div class='peg' id='peg3'...
...                               ^
/Users/janesternbach/Documents/WDI/rails/towers_of_hanoi/app/views/home/index.html.haml:11: syntax error, unexpected keyword_class, expecting keyword_do or '{' or '('
... id='peg2'></div>\n  <div class='peg' id='peg3'></div>\n</di...
...                               ^
/Users/janesternbach/Documents/WDI/rails/towers_of_hanoi/app/views/home/index.html.haml:11: syntax error, unexpected tIDENTIFIER, expecting '}'
...'></div>\n  <div class='peg' id='peg3'></div>\n</div>\n", -1...
...                               ^
/Users/janesternbach/Documents/WDI/rails/towers_of_hanoi/app/views/home/index.html.haml:11: syntax error, unexpected '<'
...n  <div class='peg' id='peg3'></div>\n</div>\n", -1, false);...
...                               ^
/Users/janesternbach/Documents/WDI/rails/towers_of_hanoi/app/views/home/index.html.haml:11: unknown regexp options - dv
/Users/janesternbach/Documents/WDI/rails/towers_of_hanoi/app/views/home/index.html.haml:11: syntax error, unexpected $undefined
...'peg' id='peg3'></div>\n</div>\n", -1, false);::Haml::Util.h...
...                               ^
/Users/janesternbach/Documents/WDI/rails/towers_of_hanoi/app/views/home/index.html.haml:11: unterminated string meets end of file
/Users/janesternbach/Documents/WDI/rails/towers_of_hanoi/app/views/home/index.html.haml:11: syntax error, unexpected $end, expecting '}'
Function body:           def _app_views_home_index_html_haml__1278522308232253678_70098337075780(local_assigns, output_buffer)
            _old_virtual_path, @virtual_path = @virtual_path, "home/index";_old_output_buffer = @output_buffer;;begin;extend Haml::Helpers;_hamlout = @haml_buffer = Haml::Buffer.new(haml_buffer, {:autoclose=>["meta", "img", "link", "br", "hr", "input", "area", "param", "col", "base"], :preserve=>["textarea", "pre", "code"], :attr_wrapper=>"'", :ugly=>false, :format=>:html5, :encoding=>"UTF-8", :escape_html=>true, :escape_attrs=>true, :hyphenate_data_attrs=>true, :cdata=>false});_erbout = _hamlout.buffer;@output_buffer = output_buffer ||= ActionView::OutputBuffer.new rescue nil;;_hamlout.push_text("<h1>Towers of Hanoi</h1>\n<div id='user_input'>\n  #{_hamlout.adjust_tabs(1); 


_hamlout.format_script_false_false_false_true_false_true_false(( text_field_tag :num_donuts
));}\n  #{_hamlout.format_script_false_false_false_true_false_true_false(( link_to("Start", "#", :id => "start_btn")
));}\n</div>\n<div id='timer'></div>\n<div id='pegs'>\n  #{



_hamlout.format_script_false_false_false_true_false_true_false((link_to("add donut here", "#" :id => "add1")
));}\n  <div class='peg' id='peg1'></div>\n  <div class='peg' id='peg2'></div>\n  <div class='peg' id='peg3'></div>\n</div>\n", -1, false);::Haml::Util.html_safe(_erbout);ensure;@haml_buffer = @haml_buffer.upper if @haml_buffer;end;
          ensure
            @virtual_path, @output_buffer = _old_virtual_path, _old_output_buffer
          end

Backtrace: /Users/janesternbach/.rvm/gems/ruby-1.9.3-p374/gems/actionpack-3.2.11/lib/action_view/template.rb:297:in `module_eval'
/Users/janesternbach/.rvm/gems/ruby-1.9.3-p374/gems/actionpack-3.2.11/lib/action_view/template.rb:297:in `compile'
/Users/janesternbach/.rvm/gems/ruby-1.9.3-p374/gems/actionpack-3.2.11/lib/action_view/template.rb:244:in `block in compile!'
<internal:prelude>:10:in `synchronize'
/Users/janesternbach/.rvm/gems/ruby-1.9.3-p374/gems/actionpack-3.2.11/lib/action_view/template.rb:232:in `compile!'
/Users/janesternbach/.rvm/gems/ruby-1.9.3-p374/gems/actionpack-3.2.11/lib/action_view/template.rb:144:in `block in render'
/Users/janesternbach/.rvm/gems/ruby-1.9.3-p374/gems/activesupport-3.2.11/lib/active_support/notifications.rb:123:in `block in instrument'
/Users/janesternbach/.rvm/gems/ruby-1.9.3-p374/gems/activesupport-3.2.11/lib/active_support/notifications/instrumenter.rb:20:in `instrument'
/Users/janesternbach/.rvm/gems/ruby-1.9.3-p374/gems/activesupport-3.2.11/lib/active_support/notifications.rb:123:in `instrument'
/Users/janesternbach/.rvm/gems/ruby-1.9.3-p374/gems/actionpack-3.2.11/lib/action_view/template.rb:143:in `render'
/Users/janesternbach/.rvm/gems/ruby-1.9.3-p374/gems/actionpack-3.2.11/lib/action_view/renderer/template_renderer.rb:47:in `block (2 levels) in render_template'
/Users/janesternbach/.rvm/gems/ruby-1.9.3-p374/gems/actionpack-3.2.11/lib/action_view/renderer/abstract_renderer.rb:38:in `block in instrument'
/Users/janesternbach/.rvm/gems/ruby-1.9.3-p374/gems/activesupport-3.2.11/lib/active_support/notifications.rb:123:in `block in instrument'
/Users/janesternbach/.rvm/gems/ruby-1.9.3-p374/gems/activesupport-3.2.11/lib/active_support/notifications/instrumenter.rb:20:in `instrument'
/Users/janesternbach/.rvm/gems/ruby-1.9.3-p374/gems/activesupport-3.2.11/lib/active_support/notifications.rb:123:in `instrument'
/Users/janesternbach/.rvm/gems/ruby-1.9.3-p374/gems/actionpack-3.2.11/lib/action_view/renderer/abstract_renderer.rb:38:in `instrument'
/Users/janesternbach/.rvm/gems/ruby-1.9.3-p374/gems/actionpack-3.2.11/lib/action_view/renderer/template_renderer.rb:46:in `block in render_template'
/Users/janesternbach/.rvm/gems/ruby-1.9.3-p374/gems/actionpack-3.2.11/lib/action_view/renderer/template_renderer.rb:54:in `render_with_layout'
/Users/janesternbach/.rvm/gems/ruby-1.9.3-p374/gems/actionpack-3.2.11/lib/action_view/renderer/template_renderer.rb:45:in `render_template'
/Users/janesternbach/.rvm/gems/ruby-1.9.3-p374/gems/actionpack-3.2.11/lib/action_view/renderer/template_renderer.rb:18:in `render'
/Users/janesternbach/.rvm/gems/ruby-1.9.3-p374/gems/actionpack-3.2.11/lib/action_view/renderer/renderer.rb:36:in `render_template'
/Users/janesternbach/.rvm/gems/ruby-1.9.3-p374/gems/actionpack-3.2.11/lib/action_view/renderer/renderer.rb:17:in `render'
/Users/janesternbach/.rvm/gems/ruby-1.9.3-p374/gems/actionpack-3.2.11/lib/abstract_controller/rendering.rb:110:in `_render_template'
/Users/janesternbach/.rvm/gems/ruby-1.9.3-p374/gems/actionpack-3.2.11/lib/action_controller/metal/streaming.rb:225:in `_render_template'
/Users/janesternbach/.rvm/gems/ruby-1.9.3-p374/gems/actionpack-3.2.11/lib/abstract_controller/rendering.rb:103:in `render_to_body'
/Users/janesternbach/.rvm/gems/ruby-1.9.3-p374/gems/actionpack-3.2.11/lib/action_controller/metal/renderers.rb:28:in `render_to_body'
/Users/janesternbach/.rvm/gems/ruby-1.9.3-p374/gems/actionpack-3.2.11/lib/action_controller/metal/compatibility.rb:50:in `render_to_body'
/Users/janesternbach/.rvm/gems/ruby-1.9.3-p374/gems/actionpack-3.2.11/lib/abstract_controller/rendering.rb:88:in `render'
/Users/janesternbach/.rvm/gems/ruby-1.9.3-p374/gems/actionpack-3.2.11/lib/action_controller/metal/rendering.rb:16:in `render'
/Users/janesternbach/.rvm/gems/ruby-1.9.3-p374/gems/actionpack-3.2.11/lib/action_controller/metal/instrumentation.rb:40:in `block (2 levels) in render'
/Users/janesternbach/.rvm/gems/ruby-1.9.3-p374/gems/activesupport-3.2.11/lib/active_support/core_ext/benchmark.rb:5:in `block in ms'
/Users/janesternbach/.rvm/rubies/ruby-1.9.3-p374/lib/ruby/1.9.1/benchmark.rb:295:in `realtime'
/Users/janesternbach/.rvm/gems/ruby-1.9.3-p374/gems/activesupport-3.2.11/lib/active_support/core_ext/benchmark.rb:5:in `ms'
/Users/janesternbach/.rvm/gems/ruby-1.9.3-p374/gems/actionpack-3.2.11/lib/action_controller/metal/instrumentation.rb:40:in `block in render'
/Users/janesternbach/.rvm/gems/ruby-1.9.3-p374/gems/actionpack-3.2.11/lib/action_controller/metal/instrumentation.rb:83:in `cleanup_view_runtime'
/Users/janesternbach/.rvm/gems/ruby-1.9.3-p374/gems/activerecord-3.2.11/lib/active_record/railties/controller_runtime.rb:24:in `cleanup_view_runtime'
/Users/janesternbach/.rvm/gems/ruby-1.9.3-p374/gems/actionpack-3.2.11/lib/action_controller/metal/instrumentation.rb:39:in `render'
/Users/janesternbach/.rvm/gems/ruby-1.9.3-p374/gems/actionpack-3.2.11/lib/action_controller/metal/implicit_render.rb:10:in `default_render'
/Users/janesternbach/.rvm/gems/ruby-1.9.3-p374/gems/actionpack-3.2.11/lib/action_controller/metal/implicit_render.rb:5:in `send_action'
/Users/janesternbach/.rvm/gems/ruby-1.9.3-p374/gems/actionpack-3.2.11/lib/abstract_controller/base.rb:167:in `process_action'
/Users/janesternbach/.rvm/gems/ruby-1.9.3-p374/gems/actionpack-3.2.11/lib/action_controller/metal/rendering.rb:10:in `process_action'
/Users/janesternbach/.rvm/gems/ruby-1.9.3-p374/gems/actionpack-3.2.11/lib/abstract_controller/callbacks.rb:18:in `block in process_action'
/Users/janesternbach/.rvm/gems/ruby-1.9.3-p374/gems/activesupport-3.2.11/lib/active_support/callbacks.rb:414:in `_run__4138694150576975159__process_action__3619425464988615992__callbacks'
/Users/janesternbach/.rvm/gems/ruby-1.9.3-p374/gems/activesupport-3.2.11/lib/active_support/callbacks.rb:405:in `__run_callback'
/Users/janesternbach/.rvm/gems/ruby-1.9.3-p374/gems/activesupport-3.2.11/lib/active_support/callbacks.rb:385:in `_run_process_action_callbacks'
/Users/janesternbach/.rvm/gems/ruby-1.9.3-p374/gems/activesupport-3.2.11/lib/active_support/callbacks.rb:81:in `run_callbacks'
/Users/janesternbach/.rvm/gems/ruby-1.9.3-p374/gems/actionpack-3.2.11/lib/abstract_controller/callbacks.rb:17:in `process_action'
/Users/janesternbach/.rvm/gems/ruby-1.9.3-p374/gems/actionpack-3.2.11/lib/action_controller/metal/rescue.rb:29:in `process_action'
/Users/janesternbach/.rvm/gems/ruby-1.9.3-p374/gems/actionpack-3.2.11/lib/action_controller/metal/instrumentation.rb:30:in `block in process_action'
/Users/janesternbach/.rvm/gems/ruby-1.9.3-p374/gems/activesupport-3.2.11/lib/active_support/notifications.rb:123:in `block in instrument'
/Users/janesternbach/.rvm/gems/ruby-1.9.3-p374/gems/activesupport-3.2.11/lib/active_support/notifications/instrumenter.rb:20:in `instrument'
/Users/janesternbach/.rvm/gems/ruby-1.9.3-p374/gems/activesupport-3.2.11/lib/active_support/notifications.rb:123:in `instrument'
/Users/janesternbach/.rvm/gems/ruby-1.9.3-p374/gems/actionpack-3.2.11/lib/action_controller/metal/instrumentation.rb:29:in `process_action'
/Users/janesternbach/.rvm/gems/ruby-1.9.3-p374/gems/actionpack-3.2.11/lib/action_controller/metal/params_wrapper.rb:207:in `process_action'
/Users/janesternbach/.rvm/gems/ruby-1.9.3-p374/gems/activerecord-3.2.11/lib/active_record/railties/controller_runtime.rb:18:in `process_action'
/Users/janesternbach/.rvm/gems/ruby-1.9.3-p374/gems/actionpack-3.2.11/lib/abstract_controller/base.rb:121:in `process'
/Users/janesternbach/.rvm/gems/ruby-1.9.3-p374/gems/actionpack-3.2.11/lib/abstract_controller/rendering.rb:45:in `process'
/Users/janesternbach/.rvm/gems/ruby-1.9.3-p374/gems/actionpack-3.2.11/lib/action_controller/metal.rb:203:in `dispatch'
/Users/janesternbach/.rvm/gems/ruby-1.9.3-p374/gems/actionpack-3.2.11/lib/action_controller/metal/rack_delegation.rb:14:in `dispatch'
/Users/janesternbach/.rvm/gems/ruby-1.9.3-p374/gems/actionpack-3.2.11/lib/action_controller/metal.rb:246:in `block in action'
/Users/janesternbach/.rvm/gems/ruby-1.9.3-p374/gems/actionpack-3.2.11/lib/action_dispatch/routing/route_set.rb:73:in `call'
/Users/janesternbach/.rvm/gems/ruby-1.9.3-p374/gems/actionpack-3.2.11/lib/action_dispatch/routing/route_set.rb:73:in `dispatch'
/Users/janesternbach/.rvm/gems/ruby-1.9.3-p374/gems/actionpack-3.2.11/lib/action_dispatch/routing/route_set.rb:36:in `call'
/Users/janesternbach/.rvm/gems/ruby-1.9.3-p374/gems/journey-1.0.4/lib/journey/router.rb:68:in `block in call'
/Users/janesternbach/.rvm/gems/ruby-1.9.3-p374/gems/journey-1.0.4/lib/journey/router.rb:56:in `each'
/Users/janesternbach/.rvm/gems/ruby-1.9.3-p374/gems/journey-1.0.4/lib/journey/router.rb:56:in `call'
/Users/janesternbach/.rvm/gems/ruby-1.9.3-p374/gems/actionpack-3.2.11/lib/action_dispatch/routing/route_set.rb:601:in `call'
/Users/janesternbach/.rvm/gems/ruby-1.9.3-p374/gems/meta_request-0.2.3/lib/meta_request/middlewares/app_request_handler.rb:11:in `call'
/Users/janesternbach/.rvm/gems/ruby-1.9.3-p374/gems/rack-contrib-1.1.0/lib/rack/contrib/response_headers.rb:17:in `call'
/Users/janesternbach/.rvm/gems/ruby-1.9.3-p374/gems/meta_request-0.2.3/lib/meta_request/middlewares/headers.rb:16:in `call'
/Users/janesternbach/.rvm/gems/ruby-1.9.3-p374/gems/meta_request-0.2.3/lib/meta_request/middlewares/meta_request_handler.rb:13:in `call'
/Users/janesternbach/.rvm/gems/ruby-1.9.3-p374/gems/actionpack-3.2.11/lib/action_dispatch/middleware/best_standards_support.rb:17:in `call'
/Users/janesternbach/.rvm/gems/ruby-1.9.3-p374/gems/rack-1.4.5/lib/rack/etag.rb:23:in `call'
/Users/janesternbach/.rvm/gems/ruby-1.9.3-p374/gems/rack-1.4.5/lib/rack/conditionalget.rb:25:in `call'
/Users/janesternbach/.rvm/gems/ruby-1.9.3-p374/gems/actionpack-3.2.11/lib/action_dispatch/middleware/head.rb:14:in `call'
/Users/janesternbach/.rvm/gems/ruby-1.9.3-p374/gems/actionpack-3.2.11/lib/action_dispatch/middleware/params_parser.rb:21:in `call'
/Users/janesternbach/.rvm/gems/ruby-1.9.3-p374/gems/actionpack-3.2.11/lib/action_dispatch/middleware/flash.rb:242:in `call'
/Users/janesternbach/.rvm/gems/ruby-1.9.3-p374/gems/rack-1.4.5/lib/rack/session/abstract/id.rb:210:in `context'
/Users/janesternbach/.rvm/gems/ruby-1.9.3-p374/gems/rack-1.4.5/lib/rack/session/abstract/id.rb:205:in `call'
/Users/janesternbach/.rvm/gems/ruby-1.9.3-p374/gems/actionpack-3.2.11/lib/action_dispatch/middleware/cookies.rb:341:in `call'
/Users/janesternbach/.rvm/gems/ruby-1.9.3-p374/gems/activerecord-3.2.11/lib/active_record/query_cache.rb:64:in `call'
/Users/janesternbach/.rvm/gems/ruby-1.9.3-p374/gems/activerecord-3.2.11/lib/active_record/connection_adapters/abstract/connection_pool.rb:479:in `call'
/Users/janesternbach/.rvm/gems/ruby-1.9.3-p374/gems/actionpack-3.2.11/lib/action_dispatch/middleware/callbacks.rb:28:in `block in call'
/Users/janesternbach/.rvm/gems/ruby-1.9.3-p374/gems/activesupport-3.2.11/lib/active_support/callbacks.rb:405:in `_run__1104295115595600762__call__3771911046058258124__callbacks'
/Users/janesternbach/.rvm/gems/ruby-1.9.3-p374/gems/activesupport-3.2.11/lib/active_support/callbacks.rb:405:in `__run_callback'
/Users/janesternbach/.rvm/gems/ruby-1.9.3-p374/gems/activesupport-3.2.11/lib/active_support/callbacks.rb:385:in `_run_call_callbacks'
/Users/janesternbach/.rvm/gems/ruby-1.9.3-p374/gems/activesupport-3.2.11/lib/active_support/callbacks.rb:81:in `run_callbacks'
/Users/janesternbach/.rvm/gems/ruby-1.9.3-p374/gems/actionpack-3.2.11/lib/action_dispatch/middleware/callbacks.rb:27:in `call'
/Users/janesternbach/.rvm/gems/ruby-1.9.3-p374/gems/actionpack-3.2.11/lib/action_dispatch/middleware/reloader.rb:65:in `call'
/Users/janesternbach/.rvm/gems/ruby-1.9.3-p374/gems/actionpack-3.2.11/lib/action_dispatch/middleware/remote_ip.rb:31:in `call'
/Users/janesternbach/.rvm/gems/ruby-1.9.3-p374/gems/better_errors-0.7.2/lib/better_errors/middleware.rb:84:in `protected_app_call'
/Users/janesternbach/.rvm/gems/ruby-1.9.3-p374/gems/better_errors-0.7.2/lib/better_errors/middleware.rb:79:in `better_errors_call'
/Users/janesternbach/.rvm/gems/ruby-1.9.3-p374/gems/better_errors-0.7.2/lib/better_errors/middleware.rb:56:in `call'
/Users/janesternbach/.rvm/gems/ruby-1.9.3-p374/gems/actionpack-3.2.11/lib/action_dispatch/middleware/debug_exceptions.rb:16:in `call'
/Users/janesternbach/.rvm/gems/ruby-1.9.3-p374/gems/actionpack-3.2.11/lib/action_dispatch/middleware/show_exceptions.rb:56:in `call'
/Users/janesternbach/.rvm/gems/ruby-1.9.3-p374/gems/railties-3.2.11/lib/rails/rack/logger.rb:32:in `call_app'
/Users/janesternbach/.rvm/gems/ruby-1.9.3-p374/gems/railties-3.2.11/lib/rails/rack/logger.rb:16:in `block in call'
/Users/janesternbach/.rvm/gems/ruby-1.9.3-p374/gems/activesupport-3.2.11/lib/active_support/tagged_logging.rb:22:in `tagged'
/Users/janesternbach/.rvm/gems/ruby-1.9.3-p374/gems/railties-3.2.11/lib/rails/rack/logger.rb:16:in `call'
/Users/janesternbach/.rvm/gems/ruby-1.9.3-p374/gems/quiet_assets-1.0.2/lib/quiet_assets.rb:18:in `call_with_quiet_assets'
/Users/janesternbach/.rvm/gems/ruby-1.9.3-p374/gems/actionpack-3.2.11/lib/action_dispatch/middleware/request_id.rb:22:in `call'
/Users/janesternbach/.rvm/gems/ruby-1.9.3-p374/gems/rack-1.4.5/lib/rack/methodoverride.rb:21:in `call'
/Users/janesternbach/.rvm/gems/ruby-1.9.3-p374/gems/rack-1.4.5/lib/rack/runtime.rb:17:in `call'
/Users/janesternbach/.rvm/gems/ruby-1.9.3-p374/gems/activesupport-3.2.11/lib/active_support/cache/strategy/local_cache.rb:72:in `call'
/Users/janesternbach/.rvm/gems/ruby-1.9.3-p374/gems/rack-1.4.5/lib/rack/lock.rb:15:in `call'
/Users/janesternbach/.rvm/gems/ruby-1.9.3-p374/gems/actionpack-3.2.11/lib/action_dispatch/middleware/static.rb:62:in `call'
/Users/janesternbach/.rvm/gems/ruby-1.9.3-p374/gems/railties-3.2.11/lib/rails/engine.rb:479:in `call'
/Users/janesternbach/.rvm/gems/ruby-1.9.3-p374/gems/railties-3.2.11/lib/rails/application.rb:223:in `call'
/Users/janesternbach/.rvm/gems/ruby-1.9.3-p374/gems/rack-1.4.5/lib/rack/content_length.rb:14:in `call'
/Users/janesternbach/.rvm/gems/ruby-1.9.3-p374/gems/railties-3.2.11/lib/rails/rack/log_tailer.rb:17:in `call'
/Users/janesternbach/.rvm/gems/ruby-1.9.3-p374/gems/rack-1.4.5/lib/rack/handler/webrick.rb:59:in `service'
/Users/janesternbach/.rvm/rubies/ruby-1.9.3-p374/lib/ruby/1.9.1/webrick/httpserver.rb:138:in `service'
/Users/janesternbach/.rvm/rubies/ruby-1.9.3-p374/lib/ruby/1.9.1/webrick/httpserver.rb:94:in `run'
/Users/janesternbach/.rvm/rubies/ruby-1.9.3-p374/lib/ruby/1.9.1/webrick/server.rb:191:in `block in start_thread'
  Rendered home/index.html.haml within layouts/application (28.2ms)
Completed 500 Internal Server Error in 31ms

SyntaxError - /Users/janesternbach/Documents/WDI/rails/towers_of_hanoi/app/views/home/index.html.haml:10: syntax error, unexpected ':', expecting ')'
...link_to("add donut here", "#" :id => "add1")
...                               ^
/Users/janesternbach/Documents/WDI/rails/towers_of_hanoi/app/views/home/index.html.haml:11: syntax error, unexpected ')', expecting '}'
));}\n  <div class='peg' id='pe...
  ^
/Users/janesternbach/Documents/WDI/rails/towers_of_hanoi/app/views/home/index.html.haml:11: syntax error, unexpected keyword_class, expecting keyword_do or '{' or '('
));}\n  <div class='peg' id='peg1'></div>\n  <d...
                  ^
/Users/janesternbach/Documents/WDI/rails/towers_of_hanoi/app/views/home/index.html.haml:11: syntax error, unexpected tIDENTIFIER, expecting '}'
));}\n  <div class='peg' id='peg1'></div>\n  <div class=...
                           ^
/Users/janesternbach/Documents/WDI/rails/towers_of_hanoi/app/views/home/index.html.haml:11: syntax error, unexpected '<'
...n  <div class='peg' id='peg1'></div>\n  <div class='peg' id=...
...                               ^
/Users/janesternbach/Documents/WDI/rails/towers_of_hanoi/app/views/home/index.html.haml:11: unknown regexp options - dv
/Users/janesternbach/Documents/WDI/rails/towers_of_hanoi/app/views/home/index.html.haml:11: syntax error, unexpected $undefined
...v class='peg' id='peg2'></div>\n  <div class='peg' id='peg3'...
...                               ^
/Users/janesternbach/Documents/WDI/rails/towers_of_hanoi/app/views/home/index.html.haml:11: syntax error, unexpected keyword_class, expecting keyword_do or '{' or '('
... id='peg2'></div>\n  <div class='peg' id='peg3'></div>\n</di...
...                               ^
/Users/janesternbach/Documents/WDI/rails/towers_of_hanoi/app/views/home/index.html.haml:11: syntax error, unexpected tIDENTIFIER, expecting '}'
...'></div>\n  <div class='peg' id='peg3'></div>\n</div>\n", -1...
...                               ^
/Users/janesternbach/Documents/WDI/rails/towers_of_hanoi/app/views/home/index.html.haml:11: syntax error, unexpected '<'
...n  <div class='peg' id='peg3'></div>\n</div>\n", -1, false);...
...                               ^
/Users/janesternbach/Documents/WDI/rails/towers_of_hanoi/app/views/home/index.html.haml:11: unknown regexp options - dv
/Users/janesternbach/Documents/WDI/rails/towers_of_hanoi/app/views/home/index.html.haml:11: syntax error, unexpected $undefined
...'peg' id='peg3'></div>\n</div>\n", -1, false);::Haml::Util.h...
...                               ^
/Users/janesternbach/Documents/WDI/rails/towers_of_hanoi/app/views/home/index.html.haml:11: unterminated string meets end of file
/Users/janesternbach/Documents/WDI/rails/towers_of_hanoi/app/views/home/index.html.haml:11: syntax error, unexpected $end, expecting '}':
  app/views/home/index.html.haml:10:in `'
  (gem) actionpack-3.2.11/lib/action_view/template.rb:297:in `compile'
  (gem) actionpack-3.2.11/lib/action_view/template.rb:244:in `block in compile!'
  <internal:prelude>:10:in `synchronize'
  (gem) actionpack-3.2.11/lib/action_view/template.rb:232:in `compile!'
  (gem) actionpack-3.2.11/lib/action_view/template.rb:144:in `block in render'
  (gem) activesupport-3.2.11/lib/active_support/notifications.rb:123:in `block in instrument'
  (gem) activesupport-3.2.11/lib/active_support/notifications/instrumenter.rb:20:in `instrument'
  (gem) activesupport-3.2.11/lib/active_support/notifications.rb:123:in `instrument'
  (gem) actionpack-3.2.11/lib/action_view/template.rb:143:in `render'
  (gem) actionpack-3.2.11/lib/action_view/renderer/template_renderer.rb:47:in `block (2 levels) in render_template'
  (gem) actionpack-3.2.11/lib/action_view/renderer/abstract_renderer.rb:38:in `block in instrument'
  (gem) activesupport-3.2.11/lib/active_support/notifications.rb:123:in `block in instrument'
  (gem) activesupport-3.2.11/lib/active_support/notifications/instrumenter.rb:20:in `instrument'
  (gem) activesupport-3.2.11/lib/active_support/notifications.rb:123:in `instrument'
  (gem) actionpack-3.2.11/lib/action_view/renderer/abstract_renderer.rb:38:in `instrument'
  (gem) actionpack-3.2.11/lib/action_view/renderer/template_renderer.rb:46:in `block in render_template'
  (gem) actionpack-3.2.11/lib/action_view/renderer/template_renderer.rb:54:in `render_with_layout'
  (gem) actionpack-3.2.11/lib/action_view/renderer/template_renderer.rb:45:in `render_template'
  (gem) actionpack-3.2.11/lib/action_view/renderer/template_renderer.rb:18:in `render'
  (gem) actionpack-3.2.11/lib/action_view/renderer/renderer.rb:36:in `render_template'
  (gem) actionpack-3.2.11/lib/action_view/renderer/renderer.rb:17:in `render'
  (gem) actionpack-3.2.11/lib/abstract_controller/rendering.rb:110:in `_render_template'
  (gem) actionpack-3.2.11/lib/action_controller/metal/streaming.rb:225:in `_render_template'
  (gem) actionpack-3.2.11/lib/abstract_controller/rendering.rb:103:in `render_to_body'
  (gem) actionpack-3.2.11/lib/action_controller/metal/renderers.rb:28:in `render_to_body'
  (gem) actionpack-3.2.11/lib/action_controller/metal/compatibility.rb:50:in `render_to_body'
  (gem) actionpack-3.2.11/lib/abstract_controller/rendering.rb:88:in `render'
  (gem) actionpack-3.2.11/lib/action_controller/metal/rendering.rb:16:in `render'
  (gem) actionpack-3.2.11/lib/action_controller/metal/instrumentation.rb:40:in `block (2 levels) in render'
  (gem) activesupport-3.2.11/lib/active_support/core_ext/benchmark.rb:5:in `block in ms'
  /Users/janesternbach/.rvm/rubies/ruby-1.9.3-p374/lib/ruby/1.9.1/benchmark.rb:295:in `realtime'
  (gem) activesupport-3.2.11/lib/active_support/core_ext/benchmark.rb:5:in `ms'
  (gem) actionpack-3.2.11/lib/action_controller/metal/instrumentation.rb:40:in `block in render'
  (gem) actionpack-3.2.11/lib/action_controller/metal/instrumentation.rb:83:in `cleanup_view_runtime'
  (gem) activerecord-3.2.11/lib/active_record/railties/controller_runtime.rb:24:in `cleanup_view_runtime'
  (gem) actionpack-3.2.11/lib/action_controller/metal/instrumentation.rb:39:in `render'
  (gem) actionpack-3.2.11/lib/action_controller/metal/implicit_render.rb:10:in `default_render'
  (gem) actionpack-3.2.11/lib/action_controller/metal/implicit_render.rb:5:in `send_action'
  (gem) actionpack-3.2.11/lib/abstract_controller/base.rb:167:in `process_action'
  (gem) actionpack-3.2.11/lib/action_controller/metal/rendering.rb:10:in `process_action'
  (gem) actionpack-3.2.11/lib/abstract_controller/callbacks.rb:18:in `block in process_action'
  (gem) activesupport-3.2.11/lib/active_support/callbacks.rb:414:in `_run__4138694150576975159__process_action__3619425464988615992__callbacks'
  (gem) activesupport-3.2.11/lib/active_support/callbacks.rb:405:in `__run_callback'
  (gem) activesupport-3.2.11/lib/active_support/callbacks.rb:385:in `_run_process_action_callbacks'
  (gem) activesupport-3.2.11/lib/active_support/callbacks.rb:81:in `run_callbacks'
  (gem) actionpack-3.2.11/lib/abstract_controller/callbacks.rb:17:in `process_action'
  (gem) actionpack-3.2.11/lib/action_controller/metal/rescue.rb:29:in `process_action'
  (gem) actionpack-3.2.11/lib/action_controller/metal/instrumentation.rb:30:in `block in process_action'
  (gem) activesupport-3.2.11/lib/active_support/notifications.rb:123:in `block in instrument'
  (gem) activesupport-3.2.11/lib/active_support/notifications/instrumenter.rb:20:in `instrument'
  (gem) activesupport-3.2.11/lib/active_support/notifications.rb:123:in `instrument'
  (gem) actionpack-3.2.11/lib/action_controller/metal/instrumentation.rb:29:in `process_action'
  (gem) actionpack-3.2.11/lib/action_controller/metal/params_wrapper.rb:207:in `process_action'
  (gem) activerecord-3.2.11/lib/active_record/railties/controller_runtime.rb:18:in `process_action'
  (gem) actionpack-3.2.11/lib/abstract_controller/base.rb:121:in `process'
  (gem) actionpack-3.2.11/lib/abstract_controller/rendering.rb:45:in `process'
  (gem) actionpack-3.2.11/lib/action_controller/metal.rb:203:in `dispatch'
  (gem) actionpack-3.2.11/lib/action_controller/metal/rack_delegation.rb:14:in `dispatch'
  (gem) actionpack-3.2.11/lib/action_controller/metal.rb:246:in `block in action'
  (gem) actionpack-3.2.11/lib/action_dispatch/routing/route_set.rb:73:in `dispatch'
  (gem) actionpack-3.2.11/lib/action_dispatch/routing/route_set.rb:36:in `call'
  (gem) journey-1.0.4/lib/journey/router.rb:68:in `block in call'
  (gem) journey-1.0.4/lib/journey/router.rb:56:in `call'
  (gem) actionpack-3.2.11/lib/action_dispatch/routing/route_set.rb:601:in `call'
  (gem) meta_request-0.2.3/lib/meta_request/middlewares/app_request_handler.rb:11:in `call'
  (gem) rack-contrib-1.1.0/lib/rack/contrib/response_headers.rb:17:in `call'
  (gem) meta_request-0.2.3/lib/meta_request/middlewares/headers.rb:16:in `call'
  (gem) meta_request-0.2.3/lib/meta_request/middlewares/meta_request_handler.rb:13:in `call'
  (gem) actionpack-3.2.11/lib/action_dispatch/middleware/best_standards_support.rb:17:in `call'
  (gem) rack-1.4.5/lib/rack/etag.rb:23:in `call'
  (gem) rack-1.4.5/lib/rack/conditionalget.rb:25:in `call'
  (gem) actionpack-3.2.11/lib/action_dispatch/middleware/head.rb:14:in `call'
  (gem) actionpack-3.2.11/lib/action_dispatch/middleware/params_parser.rb:21:in `call'
  (gem) actionpack-3.2.11/lib/action_dispatch/middleware/flash.rb:242:in `call'
  (gem) rack-1.4.5/lib/rack/session/abstract/id.rb:210:in `context'
  (gem) rack-1.4.5/lib/rack/session/abstract/id.rb:205:in `call'
  (gem) actionpack-3.2.11/lib/action_dispatch/middleware/cookies.rb:341:in `call'
  (gem) activerecord-3.2.11/lib/active_record/query_cache.rb:64:in `call'
  (gem) activerecord-3.2.11/lib/active_record/connection_adapters/abstract/connection_pool.rb:479:in `call'
  (gem) actionpack-3.2.11/lib/action_dispatch/middleware/callbacks.rb:28:in `block in call'
  (gem) activesupport-3.2.11/lib/active_support/callbacks.rb:405:in `_run__1104295115595600762__call__3771911046058258124__callbacks'
  (gem) activesupport-3.2.11/lib/active_support/callbacks.rb:405:in `__run_callback'
  (gem) activesupport-3.2.11/lib/active_support/callbacks.rb:385:in `_run_call_callbacks'
  (gem) activesupport-3.2.11/lib/active_support/callbacks.rb:81:in `run_callbacks'
  (gem) actionpack-3.2.11/lib/action_dispatch/middleware/callbacks.rb:27:in `call'
  (gem) actionpack-3.2.11/lib/action_dispatch/middleware/reloader.rb:65:in `call'
  (gem) actionpack-3.2.11/lib/action_dispatch/middleware/remote_ip.rb:31:in `call'
  (gem) better_errors-0.7.2/lib/better_errors/middleware.rb:84:in `protected_app_call'
  (gem) better_errors-0.7.2/lib/better_errors/middleware.rb:79:in `better_errors_call'
  (gem) better_errors-0.7.2/lib/better_errors/middleware.rb:56:in `call'
  (gem) actionpack-3.2.11/lib/action_dispatch/middleware/debug_exceptions.rb:16:in `call'
  (gem) actionpack-3.2.11/lib/action_dispatch/middleware/show_exceptions.rb:56:in `call'
  (gem) railties-3.2.11/lib/rails/rack/logger.rb:32:in `call_app'
  (gem) railties-3.2.11/lib/rails/rack/logger.rb:16:in `block in call'
  (gem) activesupport-3.2.11/lib/active_support/tagged_logging.rb:22:in `tagged'
  (gem) railties-3.2.11/lib/rails/rack/logger.rb:16:in `call'
  (gem) quiet_assets-1.0.2/lib/quiet_assets.rb:18:in `call_with_quiet_assets'
  (gem) actionpack-3.2.11/lib/action_dispatch/middleware/request_id.rb:22:in `call'
  (gem) rack-1.4.5/lib/rack/methodoverride.rb:21:in `call'
  (gem) rack-1.4.5/lib/rack/runtime.rb:17:in `call'
  (gem) activesupport-3.2.11/lib/active_support/cache/strategy/local_cache.rb:72:in `call'
  (gem) rack-1.4.5/lib/rack/lock.rb:15:in `call'
  (gem) actionpack-3.2.11/lib/action_dispatch/middleware/static.rb:62:in `call'
  (gem) railties-3.2.11/lib/rails/engine.rb:479:in `call'
  (gem) railties-3.2.11/lib/rails/application.rb:223:in `call'
  (gem) rack-1.4.5/lib/rack/content_length.rb:14:in `call'
  (gem) railties-3.2.11/lib/rails/rack/log_tailer.rb:17:in `call'
  (gem) rack-1.4.5/lib/rack/handler/webrick.rb:59:in `service'
  /Users/janesternbach/.rvm/rubies/ruby-1.9.3-p374/lib/ruby/1.9.1/webrick/httpserver.rb:138:in `service'
  /Users/janesternbach/.rvm/rubies/ruby-1.9.3-p374/lib/ruby/1.9.1/webrick/httpserver.rb:94:in `run'
  /Users/janesternbach/.rvm/rubies/ruby-1.9.3-p374/lib/ruby/1.9.1/webrick/server.rb:191:in `block in start_thread'



Started POST "/__better_errors/70098344089680/variables" for 127.0.0.1 at 2013-03-27 18:05:38 -0400


Started GET "/" for 127.0.0.1 at 2013-03-27 18:05:47 -0400
Processing by HomeController#index as HTML
  Rendered home/index.html.haml within layouts/application (2.8ms)
Completed 200 OK in 8ms (Views: 7.7ms | ActiveRecord: 0.0ms)


Started GET "/" for 127.0.0.1 at 2013-03-27 18:06:01 -0400
Processing by HomeController#index as HTML
  Rendered home/index.html.haml within layouts/application (2.4ms)
Completed 200 OK in 8ms (Views: 8.3ms | ActiveRecord: 0.0ms)


Started GET "/" for 127.0.0.1 at 2013-03-27 18:06:17 -0400
Processing by HomeController#index as HTML
  Rendered home/index.html.haml within layouts/application (3.0ms)
Completed 200 OK in 10ms (Views: 9.6ms | ActiveRecord: 0.0ms)


Started GET "/" for 127.0.0.1 at 2013-03-27 18:06:18 -0400
Processing by HomeController#index as HTML
  Rendered home/index.html.haml within layouts/application (0.4ms)
Completed 200 OK in 6ms (Views: 5.9ms | ActiveRecord: 0.0ms)


Started GET "/" for 127.0.0.1 at 2013-03-27 18:06:19 -0400
Processing by HomeController#index as HTML
  Rendered home/index.html.haml within layouts/application (0.3ms)
Completed 200 OK in 6ms (Views: 5.5ms | ActiveRecord: 0.0ms)


Started GET "/" for 127.0.0.1 at 2013-03-27 18:06:19 -0400
Processing by HomeController#index as HTML
  Rendered home/index.html.haml within layouts/application (0.3ms)
Completed 200 OK in 5ms (Views: 5.0ms | ActiveRecord: 0.0ms)


Started GET "/" for 127.0.0.1 at 2013-03-27 18:06:20 -0400
Processing by HomeController#index as HTML
  Rendered home/index.html.haml within layouts/application (0.3ms)
Completed 200 OK in 5ms (Views: 4.9ms | ActiveRecord: 0.0ms)


Started GET "/" for 127.0.0.1 at 2013-03-27 18:06:38 -0400
Processing by HomeController#index as HTML
  Rendered home/index.html.haml within layouts/application (2.4ms)
Completed 200 OK in 7ms (Views: 6.7ms | ActiveRecord: 0.0ms)


Started GET "/" for 127.0.0.1 at 2013-03-27 18:08:40 -0400
Processing by HomeController#index as HTML
  Rendered home/index.html.haml within layouts/application (2.7ms)
Compiled towers.js  (0ms)  (pid 16737)
Compiled application.js  (4ms)  (pid 16737)
Completed 200 OK in 28ms (Views: 28.2ms | ActiveRecord: 0.0ms)


Started GET "/" for 127.0.0.1 at 2013-03-27 18:09:21 -0400
Processing by HomeController#index as HTML
  Rendered home/index.html.haml within layouts/application (0.6ms)
Compiled towers.js  (0ms)  (pid 16737)
Compiled application.js  (8ms)  (pid 16737)
Completed 200 OK in 40ms (Views: 40.0ms | ActiveRecord: 0.0ms)


Started GET "/" for 127.0.0.1 at 2013-03-27 18:09:32 -0400
Processing by HomeController#index as HTML
  Rendered home/index.html.haml within layouts/application (0.4ms)
Compiled towers.js  (0ms)  (pid 16737)
Compiled application.js  (4ms)  (pid 16737)
Completed 200 OK in 27ms (Views: 26.4ms | ActiveRecord: 0.0ms)


Started GET "/" for 127.0.0.1 at 2013-03-27 18:09:52 -0400
Processing by HomeController#index as HTML
  Rendered home/index.html.haml within layouts/application (0.7ms)
Completed 200 OK in 8ms (Views: 7.8ms | ActiveRecord: 0.0ms)


Started GET "/" for 127.0.0.1 at 2013-03-27 18:10:04 -0400
Processing by HomeController#index as HTML
  Rendered home/index.html.haml within layouts/application (0.4ms)
Compiled towers.js  (0ms)  (pid 16737)
Compiled application.js  (4ms)  (pid 16737)
Completed 200 OK in 26ms (Views: 26.1ms | ActiveRecord: 0.0ms)


Started GET "/" for 127.0.0.1 at 2013-03-27 18:10:12 -0400
Processing by HomeController#index as HTML
  Rendered home/index.html.haml within layouts/application (0.7ms)
Completed 200 OK in 7ms (Views: 6.7ms | ActiveRecord: 0.0ms)


Started GET "/" for 127.0.0.1 at 2013-03-27 18:10:23 -0400
Processing by HomeController#index as HTML
  Rendered home/index.html.haml within layouts/application (0.6ms)
Completed 200 OK in 7ms (Views: 6.7ms | ActiveRecord: 0.0ms)


Started GET "/" for 127.0.0.1 at 2013-03-27 18:11:21 -0400
Processing by HomeController#index as HTML
  Rendered home/index.html.haml within layouts/application (0.4ms)
Compiled towers.js  (0ms)  (pid 16737)
Compiled application.js  (5ms)  (pid 16737)
Completed 200 OK in 66ms (Views: 65.7ms | ActiveRecord: 0.0ms)


Started GET "/" for 127.0.0.1 at 2013-03-27 18:12:01 -0400
Processing by HomeController#index as HTML
  Rendered home/index.html.haml within layouts/application (0.7ms)
Compiled towers.js  (0ms)  (pid 16737)
Compiled application.js  (4ms)  (pid 16737)
Completed 200 OK in 63ms (Views: 63.2ms | ActiveRecord: 0.0ms)


Started GET "/" for 127.0.0.1 at 2013-03-27 18:12:36 -0400
Processing by HomeController#index as HTML
  Rendered home/index.html.haml within layouts/application (0.3ms)
Completed 200 OK in 6ms (Views: 5.6ms | ActiveRecord: 0.0ms)


Started GET "/" for 127.0.0.1 at 2013-03-27 18:13:20 -0400
Processing by HomeController#index as HTML
  Rendered home/index.html.haml within layouts/application (0.4ms)
Compiled towers.js  (0ms)  (pid 16737)
Compiled application.js  (4ms)  (pid 16737)
Completed 200 OK in 64ms (Views: 64.2ms | ActiveRecord: 0.0ms)


Started GET "/" for 127.0.0.1 at 2013-03-27 18:22:02 -0400
Processing by HomeController#index as HTML
  Rendered home/index.html.haml within layouts/application (0.7ms)
Compiled towers.js  (0ms)  (pid 16737)
Compiled application.js  (4ms)  (pid 16737)
Completed 200 OK in 73ms (Views: 73.1ms | ActiveRecord: 0.0ms)


Started GET "/" for 127.0.0.1 at 2013-03-27 18:23:09 -0400
Processing by HomeController#index as HTML
  Rendered home/index.html.haml within layouts/application (0.7ms)
Compiled towers.js  (0ms)  (pid 16737)
Compiled application.js  (4ms)  (pid 16737)
Completed 200 OK in 26ms (Views: 26.1ms | ActiveRecord: 0.0ms)


Started GET "/" for 127.0.0.1 at 2013-03-27 18:23:15 -0400
Processing by HomeController#index as HTML
  Rendered home/index.html.haml within layouts/application (0.4ms)
Compiled towers.js  (0ms)  (pid 16737)
Compiled application.js  (5ms)  (pid 16737)
Completed 200 OK in 27ms (Views: 27.0ms | ActiveRecord: 0.0ms)


Started GET "/" for 127.0.0.1 at 2013-03-27 18:24:17 -0400
Processing by HomeController#index as HTML
  Rendered home/index.html.haml within layouts/application (0.7ms)
Compiled towers.js  (0ms)  (pid 16737)
Compiled application.js  (5ms)  (pid 16737)
Completed 200 OK in 74ms (Views: 74.3ms | ActiveRecord: 0.0ms)


Started GET "/" for 127.0.0.1 at 2013-03-27 18:25:45 -0400
Processing by HomeController#index as HTML
  Rendered home/index.html.haml within layouts/application (2.9ms)
Completed 200 OK in 7ms (Views: 7.2ms | ActiveRecord: 0.0ms)


Started GET "/" for 127.0.0.1 at 2013-03-27 18:26:11 -0400
Processing by HomeController#index as HTML
  Rendered home/index.html.haml within layouts/application (0.4ms)
Compiled towers.css  (5ms)  (pid 16737)
Compiled application.css  (1ms)  (pid 16737)
Completed 200 OK in 28ms (Views: 28.1ms | ActiveRecord: 0.0ms)


Started GET "/" for 127.0.0.1 at 2013-03-27 18:26:27 -0400
Processing by HomeController#index as HTML
  Rendered home/index.html.haml within layouts/application (0.4ms)
Compiled towers.css  (6ms)  (pid 16737)
Compiled application.css  (1ms)  (pid 16737)
Completed 200 OK in 29ms (Views: 29.0ms | ActiveRecord: 0.0ms)


Started GET "/" for 127.0.0.1 at 2013-03-27 18:26:48 -0400
Processing by HomeController#index as HTML
  Rendered home/index.html.haml within layouts/application (0.4ms)
Compiled towers.css  (6ms)  (pid 16737)
Compiled application.css  (1ms)  (pid 16737)
Completed 200 OK in 31ms (Views: 30.5ms | ActiveRecord: 0.0ms)


Started GET "/" for 127.0.0.1 at 2013-03-27 18:26:58 -0400
Processing by HomeController#index as HTML
  Rendered home/index.html.haml within layouts/application (0.6ms)
Compiled towers.css  (5ms)  (pid 16737)
Compiled application.css  (1ms)  (pid 16737)
Completed 200 OK in 30ms (Views: 30.2ms | ActiveRecord: 0.0ms)


Started GET "/" for 127.0.0.1 at 2013-03-27 18:27:17 -0400
Processing by HomeController#index as HTML
  Rendered home/index.html.haml within layouts/application (0.4ms)
Compiled towers.css  (7ms)  (pid 16737)
Compiled application.css  (1ms)  (pid 16737)
Completed 200 OK in 33ms (Views: 32.8ms | ActiveRecord: 0.0ms)


Started GET "/" for 127.0.0.1 at 2013-03-27 18:27:43 -0400
Processing by HomeController#index as HTML
  Rendered home/index.html.haml within layouts/application (0.4ms)
Compiled towers.css  (6ms)  (pid 16737)
Compiled application.css  (2ms)  (pid 16737)
Completed 200 OK in 33ms (Views: 32.8ms | ActiveRecord: 0.0ms)


Started GET "/" for 127.0.0.1 at 2013-03-27 18:29:29 -0400
Processing by HomeController#index as HTML
  Rendered home/index.html.haml within layouts/application (0.4ms)
Compiled towers.css  (5ms)  (pid 16737)
Compiled application.css  (1ms)  (pid 16737)
Completed 200 OK in 29ms (Views: 29.2ms | ActiveRecord: 0.0ms)


Started GET "/" for 127.0.0.1 at 2013-03-27 18:31:07 -0400
Processing by HomeController#index as HTML
  Rendered home/index.html.haml within layouts/application (2.8ms)
Compiled towers.css  (5ms)  (pid 16737)
Compiled application.css  (1ms)  (pid 16737)
Completed 200 OK in 28ms (Views: 28.2ms | ActiveRecord: 0.0ms)


Started GET "/" for 127.0.0.1 at 2013-03-27 18:32:00 -0400
Processing by HomeController#index as HTML
  Rendered home/index.html.haml within layouts/application (0.4ms)
Compiled towers.js  (0ms)  (pid 16737)
Compiled application.js  (54ms)  (pid 16737)
Completed 200 OK in 79ms (Views: 79.1ms | ActiveRecord: 0.0ms)


Started GET "/" for 127.0.0.1 at 2013-03-27 18:33:30 -0400
Processing by HomeController#index as HTML
  Rendered home/index.html.haml within layouts/application (0.7ms)
Completed 200 OK in 6ms (Views: 6.0ms | ActiveRecord: 0.0ms)


Started GET "/" for 127.0.0.1 at 2013-03-27 18:37:07 -0400
Processing by HomeController#index as HTML
  Rendered home/index.html.haml within layouts/application (0.3ms)
Compiled towers.js  (0ms)  (pid 16737)
Compiled application.js  (4ms)  (pid 16737)
Completed 200 OK in 61ms (Views: 60.4ms | ActiveRecord: 0.0ms)


Started GET "/" for 127.0.0.1 at 2013-03-27 18:37:15 -0400
Processing by HomeController#index as HTML
  Rendered home/index.html.haml within layouts/application (0.6ms)
Completed 200 OK in 6ms (Views: 5.9ms | ActiveRecord: 0.0ms)


Started GET "/" for 127.0.0.1 at 2013-03-27 18:38:31 -0400
Processing by HomeController#index as HTML
  Rendered home/index.html.haml within layouts/application (0.3ms)
Compiled towers.js  (0ms)  (pid 16737)
Compiled application.js  (6ms)  (pid 16737)
Completed 200 OK in 34ms (Views: 33.8ms | ActiveRecord: 0.0ms)


Started GET "/" for 127.0.0.1 at 2013-03-27 18:38:55 -0400
Processing by HomeController#index as HTML
  Rendered home/index.html.haml within layouts/application (0.4ms)
Completed 200 OK in 6ms (Views: 5.7ms | ActiveRecord: 0.0ms)


Started GET "/" for 127.0.0.1 at 2013-03-27 18:40:11 -0400
Processing by HomeController#index as HTML
  Rendered home/index.html.haml within layouts/application (0.4ms)
Compiled towers.js  (0ms)  (pid 16737)
Compiled application.js  (5ms)  (pid 16737)
Completed 200 OK in 31ms (Views: 31.2ms | ActiveRecord: 0.0ms)


Started GET "/" for 127.0.0.1 at 2013-03-27 18:40:27 -0400
Processing by HomeController#index as HTML
  Rendered home/index.html.haml within layouts/application (0.7ms)
Completed 200 OK in 7ms (Views: 6.9ms | ActiveRecord: 0.0ms)


Started GET "/" for 127.0.0.1 at 2013-03-27 18:40:38 -0400
Processing by HomeController#index as HTML
  Rendered home/index.html.haml within layouts/application (0.5ms)
Completed 200 OK in 6ms (Views: 6.3ms | ActiveRecord: 0.0ms)


Started GET "/" for 127.0.0.1 at 2013-03-27 18:40:43 -0400
Processing by HomeController#index as HTML
  Rendered home/index.html.haml within layouts/application (0.6ms)
Completed 200 OK in 7ms (Views: 7.2ms | ActiveRecord: 0.0ms)


Started GET "/" for 127.0.0.1 at 2013-03-27 18:40:47 -0400
Processing by HomeController#index as HTML
  Rendered home/index.html.haml within layouts/application (0.5ms)
Completed 200 OK in 6ms (Views: 5.7ms | ActiveRecord: 0.0ms)


Started GET "/" for 127.0.0.1 at 2013-03-27 18:40:59 -0400
Processing by HomeController#index as HTML
  Rendered home/index.html.haml within layouts/application (0.4ms)
Completed 200 OK in 6ms (Views: 5.4ms | ActiveRecord: 0.0ms)


Started GET "/" for 127.0.0.1 at 2013-03-27 18:42:26 -0400
Processing by HomeController#index as HTML
  Rendered home/index.html.haml within layouts/application (0.6ms)
Compiled towers.js  (0ms)  (pid 16737)
Compiled application.js  (5ms)  (pid 16737)
Completed 200 OK in 71ms (Views: 70.8ms | ActiveRecord: 0.0ms)


Started GET "/" for 127.0.0.1 at 2013-03-27 18:42:49 -0400
Processing by HomeController#index as HTML
  Rendered home/index.html.haml within layouts/application (0.5ms)
Completed 200 OK in 6ms (Views: 6.0ms | ActiveRecord: 0.0ms)


Started GET "/" for 127.0.0.1 at 2013-03-27 18:43:08 -0400
Processing by HomeController#index as HTML
  Rendered home/index.html.haml within layouts/application (0.4ms)
Completed 200 OK in 6ms (Views: 5.4ms | ActiveRecord: 0.0ms)


Started GET "/" for 127.0.0.1 at 2013-03-27 18:45:23 -0400
Processing by HomeController#index as HTML
  Rendered home/index.html.haml within layouts/application (0.7ms)
Compiled towers.js  (0ms)  (pid 16737)
Compiled application.js  (5ms)  (pid 16737)
Completed 200 OK in 72ms (Views: 72.1ms | ActiveRecord: 0.0ms)


Started GET "/" for 127.0.0.1 at 2013-03-27 18:46:59 -0400
Processing by HomeController#index as HTML
  Rendered home/index.html.haml within layouts/application (0.4ms)
Compiled towers.js  (0ms)  (pid 16737)
Compiled application.js  (5ms)  (pid 16737)
Completed 200 OK in 66ms (Views: 65.7ms | ActiveRecord: 0.0ms)


Started GET "/" for 127.0.0.1 at 2013-03-27 18:47:25 -0400
Processing by HomeController#index as HTML
  Rendered home/index.html.haml within layouts/application (0.4ms)
Completed 200 OK in 6ms (Views: 6.2ms | ActiveRecord: 0.0ms)


Started GET "/" for 127.0.0.1 at 2013-03-27 18:47:47 -0400
Processing by HomeController#index as HTML
  Rendered home/index.html.haml within layouts/application (0.5ms)
Completed 200 OK in 7ms (Views: 6.3ms | ActiveRecord: 0.0ms)


Started GET "/" for 127.0.0.1 at 2013-03-27 18:48:41 -0400
Processing by HomeController#index as HTML
  Rendered home/index.html.haml within layouts/application (0.7ms)
Compiled towers.js  (0ms)  (pid 16737)
Compiled application.js  (4ms)  (pid 16737)
Completed 200 OK in 70ms (Views: 69.7ms | ActiveRecord: 0.0ms)


Started GET "/" for 127.0.0.1 at 2013-03-27 18:49:19 -0400
Processing by HomeController#index as HTML
  Rendered home/index.html.haml within layouts/application (0.4ms)
Compiled towers.js  (0ms)  (pid 16737)
Compiled application.js  (4ms)  (pid 16737)
Completed 200 OK in 63ms (Views: 63.2ms | ActiveRecord: 0.0ms)


Started GET "/" for 127.0.0.1 at 2013-03-27 18:50:32 -0400
Processing by HomeController#index as HTML
  Rendered home/index.html.haml within layouts/application (0.7ms)
Compiled towers.js  (0ms)  (pid 16737)
Compiled application.js  (4ms)  (pid 16737)
Completed 200 OK in 67ms (Views: 66.9ms | ActiveRecord: 0.0ms)


Started GET "/" for 127.0.0.1 at 2013-03-27 19:22:27 -0400
Connecting to database specified by database.yml
Processing by HomeController#index as HTML
  Rendered home/index.html.haml within layouts/application (5.9ms)
Compiled towers.js  (0ms)  (pid 18134)
Compiled application.js  (4ms)  (pid 18134)
Completed 200 OK in 79ms (Views: 78.4ms | ActiveRecord: 0.0ms)


Started GET "/" for 127.0.0.1 at 2013-03-27 19:24:51 -0400
Processing by HomeController#index as HTML
  Rendered home/index.html.haml within layouts/application (4.3ms)
Compiled towers.js  (0ms)  (pid 18134)
Compiled application.js  (5ms)  (pid 18134)
Completed 200 OK in 30ms (Views: 30.1ms | ActiveRecord: 0.0ms)


Started GET "/" for 127.0.0.1 at 2013-03-27 19:25:42 -0400
Processing by HomeController#index as HTML
  Rendered home/index.html.haml within layouts/application (0.4ms)
Completed 200 OK in 5ms (Views: 5.3ms | ActiveRecord: 0.0ms)


Started GET "/" for 127.0.0.1 at 2013-03-27 19:29:18 -0400
Processing by HomeController#index as HTML
  Rendered home/index.html.haml within layouts/application (3.3ms)
Compiled towers.js  (0ms)  (pid 18134)
Compiled application.js  (4ms)  (pid 18134)
Completed 200 OK in 62ms (Views: 61.8ms | ActiveRecord: 0.0ms)


Started GET "/" for 127.0.0.1 at 2013-03-27 19:30:26 -0400
Processing by HomeController#index as HTML
  Rendered home/index.html.haml within layouts/application (0.7ms)
Compiled towers.js  (0ms)  (pid 18134)
Compiled application.js  (4ms)  (pid 18134)
Completed 200 OK in 59ms (Views: 58.6ms | ActiveRecord: 0.0ms)


Started GET "/" for 127.0.0.1 at 2013-03-27 19:31:09 -0400
Processing by HomeController#index as HTML
  Rendered home/index.html.haml within layouts/application (0.5ms)
Completed 200 OK in 6ms (Views: 5.8ms | ActiveRecord: 0.0ms)


Started GET "/" for 127.0.0.1 at 2013-03-27 19:33:22 -0400
Processing by HomeController#index as HTML
  Rendered home/index.html.haml within layouts/application (0.6ms)
Completed 200 OK in 7ms (Views: 6.3ms | ActiveRecord: 0.0ms)


Started GET "/" for 127.0.0.1 at 2013-03-27 19:35:13 -0400
Processing by HomeController#index as HTML
  Rendered home/index.html.haml within layouts/application (0.4ms)
Compiled towers.js  (0ms)  (pid 18134)
Compiled application.js  (5ms)  (pid 18134)
Completed 200 OK in 65ms (Views: 64.4ms | ActiveRecord: 0.0ms)


Started GET "/" for 127.0.0.1 at 2013-03-27 19:39:04 -0400
Processing by HomeController#index as HTML
  Rendered home/index.html.haml within layouts/application (0.5ms)
Compiled towers.js  (0ms)  (pid 18134)
Compiled application.js  (38ms)  (pid 18134)
Completed 200 OK in 60ms (Views: 60.3ms | ActiveRecord: 0.0ms)


Started GET "/" for 127.0.0.1 at 2013-03-27 19:39:37 -0400
Processing by HomeController#index as HTML
  Rendered home/index.html.haml within layouts/application (0.5ms)
Compiled towers.js  (0ms)  (pid 18134)
Compiled application.js  (4ms)  (pid 18134)
Completed 200 OK in 57ms (Views: 56.5ms | ActiveRecord: 0.0ms)


Started GET "/" for 127.0.0.1 at 2013-03-27 19:40:09 -0400
Processing by HomeController#index as HTML
  Rendered home/index.html.haml within layouts/application (0.4ms)
Completed 200 OK in 5ms (Views: 5.2ms | ActiveRecord: 0.0ms)


Started GET "/" for 127.0.0.1 at 2013-03-27 19:40:35 -0400
Processing by HomeController#index as HTML
  Rendered home/index.html.haml within layouts/application (0.7ms)
Compiled towers.js  (0ms)  (pid 18134)
Compiled application.js  (4ms)  (pid 18134)
Completed 200 OK in 61ms (Views: 60.5ms | ActiveRecord: 0.0ms)


Started GET "/" for 127.0.0.1 at 2013-03-27 19:43:29 -0400
Processing by HomeController#index as HTML
  Rendered home/index.html.haml within layouts/application (0.4ms)
Compiled towers.js  (0ms)  (pid 18134)
Compiled application.js  (4ms)  (pid 18134)
Completed 200 OK in 59ms (Views: 58.5ms | ActiveRecord: 0.0ms)


Started GET "/" for 127.0.0.1 at 2013-03-27 19:44:15 -0400
Processing by HomeController#index as HTML
  Rendered home/index.html.haml within layouts/application (0.4ms)
Compiled towers.js  (0ms)  (pid 18134)
Compiled application.js  (4ms)  (pid 18134)
Completed 200 OK in 60ms (Views: 60.1ms | ActiveRecord: 0.0ms)


Started GET "/" for 127.0.0.1 at 2013-03-27 19:46:24 -0400
Processing by HomeController#index as HTML
  Rendered home/index.html.haml within layouts/application (0.7ms)
Compiled towers.js  (0ms)  (pid 18134)
Compiled application.js  (5ms)  (pid 18134)
Completed 200 OK in 68ms (Views: 67.8ms | ActiveRecord: 0.0ms)


Started GET "/" for 127.0.0.1 at 2013-03-27 19:47:45 -0400
Processing by HomeController#index as HTML
  Rendered home/index.html.haml within layouts/application (0.4ms)
Compiled towers.js  (0ms)  (pid 18134)
Compiled application.js  (4ms)  (pid 18134)
Completed 200 OK in 60ms (Views: 59.4ms | ActiveRecord: 0.0ms)


Started GET "/" for 127.0.0.1 at 2013-03-27 19:49:15 -0400
Processing by HomeController#index as HTML
  Rendered home/index.html.haml within layouts/application (0.7ms)
Compiled towers.css  (13ms)  (pid 18134)
Compiled application.css  (1ms)  (pid 18134)
Completed 200 OK in 38ms (Views: 37.9ms | ActiveRecord: 0.0ms)


Started GET "/" for 127.0.0.1 at 2013-03-27 19:50:09 -0400
Processing by HomeController#index as HTML
  Rendered home/index.html.haml within layouts/application (0.4ms)
Compiled towers.css  (5ms)  (pid 18134)
Compiled application.css  (1ms)  (pid 18134)
Completed 200 OK in 27ms (Views: 26.5ms | ActiveRecord: 0.0ms)


Started GET "/" for 127.0.0.1 at 2013-03-27 19:50:33 -0400
Processing by HomeController#index as HTML
  Rendered home/index.html.haml within layouts/application (0.4ms)
Compiled towers.css  (6ms)  (pid 18134)
Compiled application.css  (1ms)  (pid 18134)
Completed 200 OK in 28ms (Views: 27.4ms | ActiveRecord: 0.0ms)


Started GET "/" for 127.0.0.1 at 2013-03-27 19:51:11 -0400
Processing by HomeController#index as HTML
  Rendered home/index.html.haml within layouts/application (0.5ms)
Completed 200 OK in 53ms (Views: 52.7ms | ActiveRecord: 0.0ms)


Started GET "/" for 127.0.0.1 at 2013-03-27 19:51:17 -0400
Processing by HomeController#index as HTML
  Rendered home/index.html.haml within layouts/application (0.6ms)
Compiled towers.css  (6ms)  (pid 18134)
Compiled application.css  (1ms)  (pid 18134)
Completed 200 OK in 30ms (Views: 30.0ms | ActiveRecord: 0.0ms)


Started GET "/" for 127.0.0.1 at 2013-03-27 20:03:28 -0400
Processing by HomeController#index as HTML
  Rendered home/index.html.haml within layouts/application (0.7ms)
Compiled towers.js  (0ms)  (pid 18134)
Compiled application.js  (4ms)  (pid 18134)
Completed 200 OK in 92ms (Views: 91.6ms | ActiveRecord: 0.0ms)


Started GET "/" for 127.0.0.1 at 2013-03-28 09:38:51 -0400
Connecting to database specified by database.yml
Processing by HomeController#index as HTML
  Rendered home/index.html.haml within layouts/application (31.6ms)
Completed 200 OK in 90ms (Views: 89.6ms | ActiveRecord: 0.0ms)


Started GET "/" for 127.0.0.1 at 2013-03-28 10:15:57 -0400
Processing by HomeController#index as HTML
  Rendered home/index.html.haml within layouts/application (0.4ms)
Compiled towers.js  (0ms)  (pid 19323)
Compiled application.js  (5ms)  (pid 19323)
Completed 200 OK in 68ms (Views: 68.1ms | ActiveRecord: 0.0ms)


Started GET "/" for 127.0.0.1 at 2013-03-28 10:17:29 -0400
Processing by HomeController#index as HTML
  Rendered home/index.html.haml within layouts/application (0.7ms)
Completed 200 OK in 7ms (Views: 6.3ms | ActiveRecord: 0.0ms)


Started GET "/" for 127.0.0.1 at 2013-03-28 10:17:30 -0400
Processing by HomeController#index as HTML
  Rendered home/index.html.haml within layouts/application (0.4ms)
Completed 200 OK in 5ms (Views: 5.0ms | ActiveRecord: 0.0ms)


Started GET "/" for 127.0.0.1 at 2013-08-06 14:50:32 -0700
Connecting to database specified by database.yml
Processing by HomeController#index as HTML
  Rendered home/index.html.haml within layouts/application (6.9ms)
Completed 200 OK in 84ms (Views: 83.6ms | ActiveRecord: 0.0ms)


Started GET "/" for 127.0.0.1 at 2013-08-07 09:34:35 -0700
Connecting to database specified by database.yml
Processing by HomeController#index as HTML
  Rendered home/index.html.haml within layouts/application (8.0ms)
Completed 200 OK in 68ms (Views: 67.0ms | ActiveRecord: 0.0ms)


Started GET "/" for 127.0.0.1 at 2013-08-07 09:44:57 -0700
Processing by HomeController#index as HTML
  Rendered home/index.html.haml within layouts/application (0.4ms)
Completed 200 OK in 6ms (Views: 5.9ms | ActiveRecord: 0.0ms)


Started GET "/" for 127.0.0.1 at 2013-08-07 09:45:40 -0700
Processing by HomeController#index as HTML
  Rendered home/index.html.haml within layouts/application (0.7ms)
Completed 200 OK in 9ms (Views: 9.0ms | ActiveRecord: 0.0ms)


Started GET "/" for 127.0.0.1 at 2013-08-07 10:15:33 -0700
Connecting to database specified by database.yml
Processing by HomeController#index as HTML
  Rendered home/index.html.haml within layouts/application (6.2ms)
Compiled towers.js  (0ms)  (pid 27306)
Compiled application.js  (4ms)  (pid 27306)
Completed 200 OK in 77ms (Views: 76.5ms | ActiveRecord: 0.0ms)


Started GET "/" for 127.0.0.1 at 2013-08-07 10:18:01 -0700
Processing by HomeController#index as HTML
  Rendered home/index.html.haml within layouts/application (0.3ms)
Completed 200 OK in 5ms (Views: 4.9ms | ActiveRecord: 0.0ms)


Started GET "/" for 127.0.0.1 at 2013-08-07 10:18:11 -0700
Processing by HomeController#index as HTML
  Rendered home/index.html.haml within layouts/application (0.3ms)
Completed 200 OK in 5ms (Views: 4.7ms | ActiveRecord: 0.0ms)


Started GET "/" for 127.0.0.1 at 2013-08-07 10:20:25 -0700
Processing by HomeController#index as HTML
  Rendered home/index.html.haml within layouts/application (0.7ms)
Compiled towers.js  (0ms)  (pid 27306)
Compiled application.js  (9ms)  (pid 27306)
Completed 200 OK in 81ms (Views: 80.8ms | ActiveRecord: 0.0ms)


Started GET "/" for 127.0.0.1 at 2013-08-07 10:20:27 -0700
Processing by HomeController#index as HTML
  Rendered home/index.html.haml within layouts/application (0.6ms)
Completed 200 OK in 6ms (Views: 5.9ms | ActiveRecord: 0.0ms)


Started GET "/" for 127.0.0.1 at 2013-08-07 10:20:44 -0700
Processing by HomeController#index as HTML
  Rendered home/index.html.haml within layouts/application (0.5ms)
Completed 200 OK in 6ms (Views: 6.0ms | ActiveRecord: 0.0ms)


Started GET "/" for 127.0.0.1 at 2013-08-07 10:20:52 -0700
Processing by HomeController#index as HTML
  Rendered home/index.html.haml within layouts/application (0.5ms)
Completed 200 OK in 8ms (Views: 7.4ms | ActiveRecord: 0.0ms)


Started GET "/" for 127.0.0.1 at 2013-08-07 10:23:59 -0700
Processing by HomeController#index as HTML
  Rendered home/index.html.haml within layouts/application (0.5ms)
Compiled towers.js  (0ms)  (pid 27306)
Compiled application.js  (4ms)  (pid 27306)
Completed 200 OK in 27ms (Views: 26.5ms | ActiveRecord: 0.0ms)


Started GET "/" for 127.0.0.1 at 2013-08-07 10:26:55 -0700
Processing by HomeController#index as HTML
  Rendered home/index.html.haml within layouts/application (0.4ms)
Compiled towers.js  (0ms)  (pid 27306)
Compiled application.js  (4ms)  (pid 27306)
Completed 200 OK in 59ms (Views: 59.2ms | ActiveRecord: 0.0ms)


Started GET "/" for 127.0.0.1 at 2013-08-07 10:28:23 -0700
Processing by HomeController#index as HTML
  Rendered home/index.html.haml within layouts/application (0.4ms)
Compiled towers.js  (0ms)  (pid 27306)
Compiled application.js  (4ms)  (pid 27306)
Completed 200 OK in 57ms (Views: 56.8ms | ActiveRecord: 0.0ms)


Started GET "/" for 127.0.0.1 at 2013-08-07 10:28:40 -0700
Processing by HomeController#index as HTML
  Rendered home/index.html.haml within layouts/application (0.5ms)
Completed 200 OK in 6ms (Views: 5.9ms | ActiveRecord: 0.0ms)
